<?xml version="1.0" encoding="UTF-8"?>
<!-- Generated by org.testng.reporters.JUnitReportReporter -->
<testsuite skipped="0" hostname="BDC4-D-5SPZQG2" name="demoseleniumday1.DataProvider" tests="2" failures="0" timestamp="17 Sep 2018 09:20:22 GMT" time="0.015" errors="0">
  <testcase name="testcase" time="0.015" classname="demoseleniumday1.DataProvider"/>
  <testcase name="testcase" time="0.000" classname="demoseleniumday1.DataProvider"/>
</testsuite> <!-- demoseleniumday1.DataProvider -->
