<?xml version="1.0" encoding="UTF-8"?>
<!-- Generated by org.testng.reporters.JUnitReportReporter -->
<testsuite skipped="0" hostname="BDC4-D-5SPZQG2" name="demoseleniumday1.Flipkart" tests="1" failures="0" timestamp="18 Sep 2018 04:17:12 GMT" time="62.873" errors="0">
  <testcase name="test" time="62.873" classname="demoseleniumday1.Flipkart"/>
</testsuite> <!-- demoseleniumday1.Flipkart -->
