<?xml version="1.0" encoding="UTF-8"?>
<!-- Generated by org.testng.reporters.JUnitReportReporter -->
<testsuite skipped="0" hostname="BDC4-D-5SPZQG2" name="demoseleniumday1.frames" tests="1" failures="0" timestamp="18 Sep 2018 05:22:24 GMT" time="32.135" errors="0">
  <testcase name="test" time="32.135" classname="demoseleniumday1.frames"/>
</testsuite> <!-- demoseleniumday1.frames -->
