<?xml version="1.0" encoding="UTF-8"?>
<!-- Generated by org.testng.reporters.JUnitReportReporter -->
<testsuite skipped="0" hostname="BDC4-D-5SPZQG2" name="demoseleniumday1.Alllinks" tests="1" failures="0" timestamp="18 Sep 2018 04:42:35 GMT" time="28.834" errors="0">
  <testcase name="test" time="28.834" classname="demoseleniumday1.Alllinks"/>
</testsuite> <!-- demoseleniumday1.Alllinks -->
