<?xml version="1.0" encoding="UTF-8"?>
<!-- Generated by org.testng.reporters.JUnitReportReporter -->
<testsuite skipped="0" hostname="BDC4-D-5SPZQG2" name="demoseleniumday1.set" tests="1" failures="0" timestamp="18 Sep 2018 07:26:28 GMT" time="37.487" errors="0">
  <testcase name="test" time="37.487" classname="demoseleniumday1.set"/>
</testsuite> <!-- demoseleniumday1.set -->
