<?xml version="1.0" encoding="UTF-8"?>
<!-- Generated by org.testng.reporters.JUnitReportReporter -->
<testsuite skipped="0" hostname="BDC4-D-5SPZQG2" name="demoseleniumday1.alerts" tests="1" failures="0" timestamp="18 Sep 2018 05:00:52 GMT" time="11.270" errors="0">
  <testcase name="test" time="11.270" classname="demoseleniumday1.alerts"/>
</testsuite> <!-- demoseleniumday1.alerts -->
