<?xml version="1.0" encoding="UTF-8"?>
<!-- Generated by org.testng.reporters.JUnitReportReporter -->
<testsuite skipped="1" hostname="BDC4-D-5SPZQG2" name="demoseleniumday1.Annotations" tests="2" failures="0" timestamp="17 Sep 2018 09:20:22 GMT" time="0.000" errors="0">
  <testcase name="beta" time="0.000" classname="demoseleniumday1.Annotations"/>
  <testcase name="alpha" classname="demoseleniumday1.Annotations">
    <skipped/>
  </testcase> <!-- alpha -->
</testsuite> <!-- demoseleniumday1.Annotations -->
